{"/Users/alyoshinmaxim/Desktop/new-typography/api/constants.js": {"path":"/Users/alyoshinmaxim/Desktop/new-typography/api/constants.js","statementMap":{"0":{"start":{"line":1,"column":20},"end":{"line":1,"column":23}},"1":{"start":{"line":2,"column":38},"end":{"line":2,"column":45}},"2":{"start":{"line":3,"column":41},"end":{"line":3,"column":43}},"3":{"start":{"line":4,"column":37},"end":{"line":4,"column":54}},"4":{"start":{"line":5,"column":27},"end":{"line":5,"column":46}},"5":{"start":{"line":6,"column":28},"end":{"line":6,"column":48}},"6":{"start":{"line":7,"column":27},"end":{"line":7,"column":46}},"7":{"start":{"line":8,"column":33},"end":{"line":8,"column":57}},"8":{"start":{"line":9,"column":27},"end":{"line":9,"column":71}},"9":{"start":{"line":10,"column":34},"end":{"line":10,"column":62}},"10":{"start":{"line":11,"column":31},"end":{"line":11,"column":55}}},"fnMap":{},"branchMap":{},"s":{"0":1,"1":1,"2":1,"3":1,"4":1,"5":1,"6":1,"7":1,"8":1,"9":1,"10":1},"f":{},"b":{},"_coverageSchema":"332fd63041d2c1bcb487cc26dd0d5f7d97098a6c","hash":"201ddd7b077b02fac69457591ceb32ee968cc620"}
,"/Users/alyoshinmaxim/Desktop/new-typography/api/constants/constants.js": {"path":"/Users/alyoshinmaxim/Desktop/new-typography/api/constants/constants.js","statementMap":{"0":{"start":{"line":1,"column":20},"end":{"line":1,"column":23}},"1":{"start":{"line":2,"column":38},"end":{"line":2,"column":45}},"2":{"start":{"line":3,"column":41},"end":{"line":3,"column":43}},"3":{"start":{"line":4,"column":37},"end":{"line":4,"column":54}},"4":{"start":{"line":5,"column":27},"end":{"line":5,"column":46}},"5":{"start":{"line":6,"column":28},"end":{"line":6,"column":48}},"6":{"start":{"line":7,"column":27},"end":{"line":7,"column":46}},"7":{"start":{"line":8,"column":33},"end":{"line":8,"column":57}},"8":{"start":{"line":9,"column":27},"end":{"line":9,"column":71}},"9":{"start":{"line":10,"column":34},"end":{"line":10,"column":62}},"10":{"start":{"line":11,"column":31},"end":{"line":11,"column":55}}},"fnMap":{},"branchMap":{},"s":{"0":8,"1":8,"2":8,"3":8,"4":8,"5":8,"6":8,"7":8,"8":8,"9":8,"10":8},"f":{},"b":{},"_coverageSchema":"332fd63041d2c1bcb487cc26dd0d5f7d97098a6c","hash":"ef74b721fff4cf5843903294cb117f201e3c5c83"}
,"/Users/alyoshinmaxim/Desktop/new-typography/api/helpers/findAll/findAll.js": {"path":"/Users/alyoshinmaxim/Desktop/new-typography/api/helpers/findAll/findAll.js","statementMap":{"0":{"start":{"line":3,"column":16},"end":{"line":18,"column":1}},"1":{"start":{"line":4,"column":15},"end":{"line":4,"column":19}},"2":{"start":{"line":5,"column":2},"end":{"line":5,"column":34}},"3":{"start":{"line":5,"column":22},"end":{"line":5,"column":34}},"4":{"start":{"line":7,"column":2},"end":{"line":15,"column":3}},"5":{"start":{"line":8,"column":4},"end":{"line":14,"column":5}},"6":{"start":{"line":9,"column":6},"end":{"line":13,"column":7}},"7":{"start":{"line":10,"column":8},"end":{"line":10,"column":28}},"8":{"start":{"line":11,"column":13},"end":{"line":13,"column":7}},"9":{"start":{"line":12,"column":8},"end":{"line":12,"column":38}},"10":{"start":{"line":17,"column":2},"end":{"line":17,"column":16}}},"fnMap":{"0":{"name":"(anonymous_0)","decl":{"start":{"line":3,"column":16},"end":{"line":3,"column":17}},"loc":{"start":{"line":3,"column":36},"end":{"line":18,"column":1}},"line":3}},"branchMap":{"0":{"loc":{"start":{"line":5,"column":2},"end":{"line":5,"column":34}},"type":"if","locations":[{"start":{"line":5,"column":2},"end":{"line":5,"column":34}},{"start":{"line":5,"column":2},"end":{"line":5,"column":34}}],"line":5},"1":{"loc":{"start":{"line":8,"column":4},"end":{"line":14,"column":5}},"type":"if","locations":[{"start":{"line":8,"column":4},"end":{"line":14,"column":5}},{"start":{"line":8,"column":4},"end":{"line":14,"column":5}}],"line":8},"2":{"loc":{"start":{"line":9,"column":6},"end":{"line":13,"column":7}},"type":"if","locations":[{"start":{"line":9,"column":6},"end":{"line":13,"column":7}},{"start":{"line":9,"column":6},"end":{"line":13,"column":7}}],"line":9},"3":{"loc":{"start":{"line":11,"column":13},"end":{"line":13,"column":7}},"type":"if","locations":[{"start":{"line":11,"column":13},"end":{"line":13,"column":7}},{"start":{"line":11,"column":13},"end":{"line":13,"column":7}}],"line":11},"4":{"loc":{"start":{"line":11,"column":17},"end":{"line":11,"column":52}},"type":"binary-expr","locations":[{"start":{"line":11,"column":17},"end":{"line":11,"column":32}},{"start":{"line":11,"column":36},"end":{"line":11,"column":52}}],"line":11}},"s":{"0":1,"1":1,"2":1,"3":1,"4":1,"5":1,"6":1,"7":0,"8":1,"9":0,"10":0},"f":{"0":1},"b":{"0":[1,0],"1":[1,0],"2":[0,1],"3":[0,0],"4":[1,1]},"_coverageSchema":"332fd63041d2c1bcb487cc26dd0d5f7d97098a6c","hash":"a0ba53ce04667c1ee54fdf97aaa07dba7272b3af"}
,"/Users/alyoshinmaxim/Desktop/new-typography/api/helpers/flatten/flatten.js": {"path":"/Users/alyoshinmaxim/Desktop/new-typography/api/helpers/flatten/flatten.js","statementMap":{"0":{"start":{"line":1,"column":16},"end":{"line":5,"column":1}},"1":{"start":{"line":2,"column":2},"end":{"line":4,"column":4}},"2":{"start":{"line":3,"column":4},"end":{"line":3,"column":21}}},"fnMap":{"0":{"name":"(anonymous_0)","decl":{"start":{"line":1,"column":16},"end":{"line":1,"column":17}},"loc":{"start":{"line":2,"column":2},"end":{"line":4,"column":4}},"line":2},"1":{"name":"(anonymous_1)","decl":{"start":{"line":2,"column":15},"end":{"line":2,"column":16}},"loc":{"start":{"line":3,"column":4},"end":{"line":3,"column":21}},"line":3}},"branchMap":{},"s":{"0":1,"1":2,"2":2},"f":{"0":2,"1":2},"b":{},"_coverageSchema":"332fd63041d2c1bcb487cc26dd0d5f7d97098a6c","hash":"7aa37ae3f48d1fce26e8f9bfb324aaa77176de46"}
,"/Users/alyoshinmaxim/Desktop/new-typography/api/helpers/isArray/isArray.js": {"path":"/Users/alyoshinmaxim/Desktop/new-typography/api/helpers/isArray/isArray.js","statementMap":{"0":{"start":{"line":5,"column":16},"end":{"line":5,"column":41}},"1":{"start":{"line":5,"column":23},"end":{"line":5,"column":41}}},"fnMap":{"0":{"name":"(anonymous_0)","decl":{"start":{"line":5,"column":16},"end":{"line":5,"column":17}},"loc":{"start":{"line":5,"column":23},"end":{"line":5,"column":41}},"line":5}},"branchMap":{},"s":{"0":2,"1":4},"f":{"0":4},"b":{},"_coverageSchema":"332fd63041d2c1bcb487cc26dd0d5f7d97098a6c","hash":"fc52fbbbb18b19341717fef59c0cc7dcec8fd43a"}
,"/Users/alyoshinmaxim/Desktop/new-typography/api/helpers/isNumber/isNumber.js": {"path":"/Users/alyoshinmaxim/Desktop/new-typography/api/helpers/isNumber/isNumber.js","statementMap":{"0":{"start":{"line":6,"column":17},"end":{"line":14,"column":1}},"1":{"start":{"line":7,"column":2},"end":{"line":13,"column":3}},"2":{"start":{"line":8,"column":4},"end":{"line":8,"column":45}},"3":{"start":{"line":8,"column":33},"end":{"line":8,"column":45}},"4":{"start":{"line":9,"column":4},"end":{"line":9,"column":99}},"5":{"start":{"line":11,"column":4},"end":{"line":11,"column":21}},"6":{"start":{"line":12,"column":4},"end":{"line":12,"column":17}}},"fnMap":{"0":{"name":"(anonymous_0)","decl":{"start":{"line":6,"column":17},"end":{"line":6,"column":18}},"loc":{"start":{"line":6,"column":26},"end":{"line":14,"column":1}},"line":6}},"branchMap":{"0":{"loc":{"start":{"line":8,"column":4},"end":{"line":8,"column":45}},"type":"if","locations":[{"start":{"line":8,"column":4},"end":{"line":8,"column":45}},{"start":{"line":8,"column":4},"end":{"line":8,"column":45}}],"line":8}},"s":{"0":2,"1":7,"2":7,"3":5,"4":2,"5":2,"6":2},"f":{"0":7},"b":{"0":[5,2]},"_coverageSchema":"332fd63041d2c1bcb487cc26dd0d5f7d97098a6c","hash":"731cb5b679c9d2911745f6f6fb021702f6126879"}
,"/Users/alyoshinmaxim/Desktop/new-typography/api/helpers/isNumeric/isNumeric.js": {"path":"/Users/alyoshinmaxim/Desktop/new-typography/api/helpers/isNumeric/isNumeric.js","statementMap":{"0":{"start":{"line":6,"column":18},"end":{"line":6,"column":65}},"1":{"start":{"line":6,"column":25},"end":{"line":6,"column":65}}},"fnMap":{"0":{"name":"(anonymous_0)","decl":{"start":{"line":6,"column":18},"end":{"line":6,"column":19}},"loc":{"start":{"line":6,"column":25},"end":{"line":6,"column":65}},"line":6}},"branchMap":{"0":{"loc":{"start":{"line":6,"column":25},"end":{"line":6,"column":65}},"type":"binary-expr","locations":[{"start":{"line":6,"column":25},"end":{"line":6,"column":48}},{"start":{"line":6,"column":52},"end":{"line":6,"column":65}}],"line":6}},"s":{"0":2,"1":6},"f":{"0":6},"b":{"0":[6,3]},"_coverageSchema":"332fd63041d2c1bcb487cc26dd0d5f7d97098a6c","hash":"37a30cc9d0446b6d1e2ec2b0b1f4ac30363ba907"}
,"/Users/alyoshinmaxim/Desktop/new-typography/api/helpers/isObject/isObject.js": {"path":"/Users/alyoshinmaxim/Desktop/new-typography/api/helpers/isObject/isObject.js","statementMap":{"0":{"start":{"line":7,"column":17},"end":{"line":9,"column":1}},"1":{"start":{"line":8,"column":2},"end":{"line":8,"column":63}}},"fnMap":{"0":{"name":"(anonymous_0)","decl":{"start":{"line":7,"column":17},"end":{"line":7,"column":18}},"loc":{"start":{"line":8,"column":2},"end":{"line":8,"column":63}},"line":8}},"branchMap":{},"s":{"0":1,"1":2},"f":{"0":2},"b":{},"_coverageSchema":"332fd63041d2c1bcb487cc26dd0d5f7d97098a6c","hash":"6605db2cc1e1a1122b858913f445b49e214b67d1"}
,"/Users/alyoshinmaxim/Desktop/new-typography/api/validators/baseValidator/baseValidator.js": {"path":"/Users/alyoshinmaxim/Desktop/new-typography/api/validators/baseValidator/baseValidator.js","statementMap":{"0":{"start":{"line":7,"column":28},"end":{"line":19,"column":1}},"1":{"start":{"line":8,"column":2},"end":{"line":18,"column":3}},"2":{"start":{"line":9,"column":4},"end":{"line":14,"column":5}},"3":{"start":{"line":11,"column":8},"end":{"line":11,"column":20}},"4":{"start":{"line":13,"column":8},"end":{"line":13,"column":73}},"5":{"start":{"line":16,"column":4},"end":{"line":16,"column":29}},"6":{"start":{"line":17,"column":4},"end":{"line":17,"column":17}},"7":{"start":{"line":26,"column":35},"end":{"line":38,"column":1}},"8":{"start":{"line":27,"column":2},"end":{"line":37,"column":3}},"9":{"start":{"line":28,"column":4},"end":{"line":33,"column":5}},"10":{"start":{"line":30,"column":8},"end":{"line":30,"column":20}},"11":{"start":{"line":32,"column":8},"end":{"line":32,"column":81}},"12":{"start":{"line":35,"column":4},"end":{"line":35,"column":29}},"13":{"start":{"line":36,"column":4},"end":{"line":36,"column":17}},"14":{"start":{"line":46,"column":28},"end":{"line":48,"column":1}},"15":{"start":{"line":47,"column":2},"end":{"line":47,"column":31}},"16":{"start":{"line":47,"column":22},"end":{"line":47,"column":30}}},"fnMap":{"0":{"name":"(anonymous_0)","decl":{"start":{"line":7,"column":28},"end":{"line":7,"column":29}},"loc":{"start":{"line":7,"column":37},"end":{"line":19,"column":1}},"line":7},"1":{"name":"(anonymous_1)","decl":{"start":{"line":26,"column":35},"end":{"line":26,"column":36}},"loc":{"start":{"line":26,"column":45},"end":{"line":38,"column":1}},"line":26},"2":{"name":"(anonymous_2)","decl":{"start":{"line":46,"column":28},"end":{"line":46,"column":29}},"loc":{"start":{"line":47,"column":2},"end":{"line":47,"column":31}},"line":47},"3":{"name":"(anonymous_3)","decl":{"start":{"line":47,"column":14},"end":{"line":47,"column":15}},"loc":{"start":{"line":47,"column":22},"end":{"line":47,"column":30}},"line":47}},"branchMap":{"0":{"loc":{"start":{"line":9,"column":4},"end":{"line":14,"column":5}},"type":"switch","locations":[{"start":{"line":10,"column":6},"end":{"line":11,"column":20}},{"start":{"line":12,"column":6},"end":{"line":13,"column":73}}],"line":9},"1":{"loc":{"start":{"line":28,"column":4},"end":{"line":33,"column":5}},"type":"switch","locations":[{"start":{"line":29,"column":6},"end":{"line":30,"column":20}},{"start":{"line":31,"column":6},"end":{"line":32,"column":81}}],"line":28}},"s":{"0":1,"1":8,"2":8,"3":7,"4":1,"5":1,"6":1,"7":1,"8":3,"9":3,"10":2,"11":1,"12":1,"13":1,"14":1,"15":2,"16":6},"f":{"0":8,"1":3,"2":2,"3":6},"b":{"0":[7,1],"1":[2,1]},"_coverageSchema":"332fd63041d2c1bcb487cc26dd0d5f7d97098a6c","hash":"6c10e4b0d8beee4556a38308699e4c456ca2d598"}
,"/Users/alyoshinmaxim/Desktop/new-typography/api/validators/breakpointsValidator/breakpointsValidator.js": {"path":"/Users/alyoshinmaxim/Desktop/new-typography/api/validators/breakpointsValidator/breakpointsValidator.js","statementMap":{"0":{"start":{"line":7,"column":34},"end":{"line":19,"column":1}},"1":{"start":{"line":8,"column":2},"end":{"line":18,"column":3}},"2":{"start":{"line":9,"column":4},"end":{"line":14,"column":5}},"3":{"start":{"line":11,"column":8},"end":{"line":11,"column":20}},"4":{"start":{"line":13,"column":8},"end":{"line":13,"column":79}},"5":{"start":{"line":16,"column":4},"end":{"line":16,"column":29}},"6":{"start":{"line":17,"column":4},"end":{"line":17,"column":17}},"7":{"start":{"line":26,"column":42},"end":{"line":34,"column":1}},"8":{"start":{"line":27,"column":2},"end":{"line":33,"column":3}},"9":{"start":{"line":28,"column":4},"end":{"line":28,"column":49}},"10":{"start":{"line":28,"column":37},"end":{"line":28,"column":49}},"11":{"start":{"line":29,"column":4},"end":{"line":29,"column":76}},"12":{"start":{"line":31,"column":4},"end":{"line":31,"column":21}},"13":{"start":{"line":32,"column":4},"end":{"line":32,"column":17}},"14":{"start":{"line":42,"column":34},"end":{"line":44,"column":1}},"15":{"start":{"line":43,"column":2},"end":{"line":43,"column":49}},"16":{"start":{"line":43,"column":34},"end":{"line":43,"column":48}}},"fnMap":{"0":{"name":"(anonymous_0)","decl":{"start":{"line":7,"column":34},"end":{"line":7,"column":35}},"loc":{"start":{"line":7,"column":50},"end":{"line":19,"column":1}},"line":7},"1":{"name":"(anonymous_1)","decl":{"start":{"line":26,"column":42},"end":{"line":26,"column":43}},"loc":{"start":{"line":26,"column":51},"end":{"line":34,"column":1}},"line":26},"2":{"name":"(anonymous_2)","decl":{"start":{"line":42,"column":34},"end":{"line":42,"column":35}},"loc":{"start":{"line":43,"column":2},"end":{"line":43,"column":49}},"line":43},"3":{"name":"(anonymous_3)","decl":{"start":{"line":43,"column":20},"end":{"line":43,"column":21}},"loc":{"start":{"line":43,"column":34},"end":{"line":43,"column":48}},"line":43}},"branchMap":{"0":{"loc":{"start":{"line":9,"column":4},"end":{"line":14,"column":5}},"type":"switch","locations":[{"start":{"line":10,"column":6},"end":{"line":11,"column":20}},{"start":{"line":12,"column":6},"end":{"line":13,"column":79}}],"line":9},"1":{"loc":{"start":{"line":28,"column":4},"end":{"line":28,"column":49}},"type":"if","locations":[{"start":{"line":28,"column":4},"end":{"line":28,"column":49}},{"start":{"line":28,"column":4},"end":{"line":28,"column":49}}],"line":28}},"s":{"0":1,"1":5,"2":5,"3":4,"4":1,"5":1,"6":1,"7":1,"8":6,"9":6,"10":5,"11":1,"12":1,"13":1,"14":1,"15":2,"16":6},"f":{"0":5,"1":6,"2":2,"3":6},"b":{"0":[4,1],"1":[5,1]},"_coverageSchema":"332fd63041d2c1bcb487cc26dd0d5f7d97098a6c","hash":"dbdabae639e5a7c650a339f2541934d937df9d3f"}
,"/Users/alyoshinmaxim/Desktop/new-typography/api/validators/lineHeightValidator/lineHeightValidator.js": {"path":"/Users/alyoshinmaxim/Desktop/new-typography/api/validators/lineHeightValidator/lineHeightValidator.js","statementMap":{"0":{"start":{"line":9,"column":27},"end":{"line":11,"column":1}},"1":{"start":{"line":10,"column":2},"end":{"line":10,"column":55}},"2":{"start":{"line":10,"column":34},"end":{"line":10,"column":54}}},"fnMap":{"0":{"name":"(anonymous_0)","decl":{"start":{"line":9,"column":27},"end":{"line":9,"column":28}},"loc":{"start":{"line":10,"column":2},"end":{"line":10,"column":55}},"line":10},"1":{"name":"(anonymous_1)","decl":{"start":{"line":10,"column":20},"end":{"line":10,"column":21}},"loc":{"start":{"line":10,"column":34},"end":{"line":10,"column":54}},"line":10}},"branchMap":{},"s":{"0":1,"1":2,"2":5},"f":{"0":2,"1":5},"b":{},"_coverageSchema":"332fd63041d2c1bcb487cc26dd0d5f7d97098a6c","hash":"4f91445d67f3f851fcf6268789bbfb3165bc58a0"}
,"/Users/alyoshinmaxim/Desktop/new-typography/api/validators/ratioValidator/ratioValidator.js": {"path":"/Users/alyoshinmaxim/Desktop/new-typography/api/validators/ratioValidator/ratioValidator.js","statementMap":{"0":{"start":{"line":8,"column":33},"end":{"line":19,"column":1}},"1":{"start":{"line":9,"column":2},"end":{"line":18,"column":3}},"2":{"start":{"line":10,"column":4},"end":{"line":10,"column":45}},"3":{"start":{"line":10,"column":33},"end":{"line":10,"column":45}},"4":{"start":{"line":11,"column":4},"end":{"line":14,"column":77}},"5":{"start":{"line":16,"column":4},"end":{"line":16,"column":29}},"6":{"start":{"line":17,"column":4},"end":{"line":17,"column":17}},"7":{"start":{"line":27,"column":28},"end":{"line":41,"column":1}},"8":{"start":{"line":28,"column":2},"end":{"line":40,"column":3}},"9":{"start":{"line":29,"column":4},"end":{"line":36,"column":5}},"10":{"start":{"line":31,"column":8},"end":{"line":31,"column":32}},"11":{"start":{"line":33,"column":8},"end":{"line":33,"column":40}},"12":{"start":{"line":35,"column":8},"end":{"line":35,"column":65}},"13":{"start":{"line":38,"column":4},"end":{"line":38,"column":21}},"14":{"start":{"line":39,"column":4},"end":{"line":39,"column":17}}},"fnMap":{"0":{"name":"(anonymous_0)","decl":{"start":{"line":8,"column":33},"end":{"line":8,"column":34}},"loc":{"start":{"line":8,"column":44},"end":{"line":19,"column":1}},"line":8},"1":{"name":"(anonymous_1)","decl":{"start":{"line":27,"column":28},"end":{"line":27,"column":29}},"loc":{"start":{"line":27,"column":39},"end":{"line":41,"column":1}},"line":27}},"branchMap":{"0":{"loc":{"start":{"line":10,"column":4},"end":{"line":10,"column":45}},"type":"if","locations":[{"start":{"line":10,"column":4},"end":{"line":10,"column":45}},{"start":{"line":10,"column":4},"end":{"line":10,"column":45}}],"line":10},"1":{"loc":{"start":{"line":29,"column":4},"end":{"line":36,"column":5}},"type":"switch","locations":[{"start":{"line":30,"column":6},"end":{"line":31,"column":32}},{"start":{"line":32,"column":6},"end":{"line":33,"column":40}},{"start":{"line":34,"column":6},"end":{"line":35,"column":65}}],"line":29}},"s":{"0":1,"1":3,"2":3,"3":2,"4":1,"5":1,"6":1,"7":1,"8":3,"9":3,"10":2,"11":1,"12":0,"13":0,"14":0},"f":{"0":3,"1":3},"b":{"0":[2,1],"1":[2,1,0]},"_coverageSchema":"332fd63041d2c1bcb487cc26dd0d5f7d97098a6c","hash":"40fa138804b1740eb0417019ba25ac9f8eb6e72c"}
}
