{"/Users/alyoshinmaxim/Desktop/new-typography/api/helpers.js": {"path":"/Users/alyoshinmaxim/Desktop/new-typography/api/helpers.js","statementMap":{"0":{"start":{"line":9,"column":24},"end":{"line":11,"column":1}},"1":{"start":{"line":10,"column":2},"end":{"line":10,"column":63}},"2":{"start":{"line":19,"column":23},"end":{"line":19,"column":48}},"3":{"start":{"line":19,"column":30},"end":{"line":19,"column":48}},"4":{"start":{"line":27,"column":35},"end":{"line":39,"column":1}},"5":{"start":{"line":28,"column":2},"end":{"line":38,"column":3}},"6":{"start":{"line":29,"column":4},"end":{"line":34,"column":5}},"7":{"start":{"line":31,"column":8},"end":{"line":31,"column":20}},"8":{"start":{"line":33,"column":8},"end":{"line":33,"column":81}},"9":{"start":{"line":36,"column":4},"end":{"line":36,"column":29}},"10":{"start":{"line":37,"column":4},"end":{"line":37,"column":17}},"11":{"start":{"line":47,"column":24},"end":{"line":55,"column":1}},"12":{"start":{"line":48,"column":2},"end":{"line":54,"column":3}},"13":{"start":{"line":49,"column":4},"end":{"line":49,"column":45}},"14":{"start":{"line":49,"column":33},"end":{"line":49,"column":45}},"15":{"start":{"line":50,"column":4},"end":{"line":50,"column":99}},"16":{"start":{"line":52,"column":4},"end":{"line":52,"column":21}},"17":{"start":{"line":53,"column":4},"end":{"line":53,"column":17}},"18":{"start":{"line":62,"column":26},"end":{"line":73,"column":1}},"19":{"start":{"line":63,"column":2},"end":{"line":72,"column":3}},"20":{"start":{"line":64,"column":4},"end":{"line":64,"column":55}},"21":{"start":{"line":64,"column":43},"end":{"line":64,"column":55}},"22":{"start":{"line":65,"column":4},"end":{"line":68,"column":77}},"23":{"start":{"line":70,"column":4},"end":{"line":70,"column":29}},"24":{"start":{"line":71,"column":4},"end":{"line":71,"column":17}},"25":{"start":{"line":81,"column":28},"end":{"line":95,"column":1}},"26":{"start":{"line":82,"column":2},"end":{"line":94,"column":3}},"27":{"start":{"line":83,"column":4},"end":{"line":90,"column":5}},"28":{"start":{"line":85,"column":8},"end":{"line":85,"column":20}},"29":{"start":{"line":87,"column":8},"end":{"line":87,"column":40}},"30":{"start":{"line":89,"column":8},"end":{"line":89,"column":65}},"31":{"start":{"line":92,"column":4},"end":{"line":92,"column":21}},"32":{"start":{"line":93,"column":4},"end":{"line":93,"column":17}},"33":{"start":{"line":103,"column":33},"end":{"line":111,"column":1}},"34":{"start":{"line":104,"column":2},"end":{"line":110,"column":3}},"35":{"start":{"line":105,"column":4},"end":{"line":105,"column":59}},"36":{"start":{"line":105,"column":47},"end":{"line":105,"column":59}},"37":{"start":{"line":106,"column":4},"end":{"line":106,"column":76}},"38":{"start":{"line":108,"column":4},"end":{"line":108,"column":21}},"39":{"start":{"line":109,"column":4},"end":{"line":109,"column":17}},"40":{"start":{"line":120,"column":27},"end":{"line":125,"column":1}},"41":{"start":{"line":121,"column":2},"end":{"line":123,"column":3}},"42":{"start":{"line":122,"column":4},"end":{"line":122,"column":44}},"43":{"start":{"line":124,"column":2},"end":{"line":124,"column":39}},"44":{"start":{"line":127,"column":24},"end":{"line":129,"column":1}},"45":{"start":{"line":128,"column":2},"end":{"line":128,"column":34}},"46":{"start":{"line":131,"column":27},"end":{"line":133,"column":1}},"47":{"start":{"line":132,"column":2},"end":{"line":132,"column":50}},"48":{"start":{"line":135,"column":27},"end":{"line":137,"column":1}},"49":{"start":{"line":136,"column":2},"end":{"line":136,"column":50}},"50":{"start":{"line":139,"column":25},"end":{"line":141,"column":1}},"51":{"start":{"line":140,"column":2},"end":{"line":140,"column":40}},"52":{"start":{"line":140,"column":38},"end":{"line":140,"column":39}},"53":{"start":{"line":143,"column":24},"end":{"line":158,"column":1}},"54":{"start":{"line":144,"column":15},"end":{"line":144,"column":19}},"55":{"start":{"line":145,"column":2},"end":{"line":145,"column":34}},"56":{"start":{"line":145,"column":22},"end":{"line":145,"column":34}},"57":{"start":{"line":147,"column":2},"end":{"line":155,"column":3}},"58":{"start":{"line":148,"column":4},"end":{"line":154,"column":5}},"59":{"start":{"line":149,"column":6},"end":{"line":153,"column":7}},"60":{"start":{"line":150,"column":8},"end":{"line":150,"column":28}},"61":{"start":{"line":151,"column":13},"end":{"line":153,"column":7}},"62":{"start":{"line":152,"column":8},"end":{"line":152,"column":38}},"63":{"start":{"line":157,"column":2},"end":{"line":157,"column":16}},"64":{"start":{"line":160,"column":34},"end":{"line":176,"column":1}},"65":{"start":{"line":163,"column":2},"end":{"line":173,"column":3}},"66":{"start":{"line":164,"column":4},"end":{"line":170,"column":5}},"67":{"start":{"line":165,"column":6},"end":{"line":165,"column":38}},"68":{"start":{"line":166,"column":11},"end":{"line":170,"column":5}},"69":{"start":{"line":167,"column":6},"end":{"line":167,"column":76}},"70":{"start":{"line":169,"column":6},"end":{"line":169,"column":79}},"71":{"start":{"line":172,"column":4},"end":{"line":172,"column":21}},"72":{"start":{"line":175,"column":2},"end":{"line":175,"column":16}}},"fnMap":{"0":{"name":"(anonymous_0)","decl":{"start":{"line":9,"column":24},"end":{"line":9,"column":25}},"loc":{"start":{"line":10,"column":2},"end":{"line":10,"column":63}},"line":10},"1":{"name":"(anonymous_1)","decl":{"start":{"line":19,"column":23},"end":{"line":19,"column":24}},"loc":{"start":{"line":19,"column":30},"end":{"line":19,"column":48}},"line":19},"2":{"name":"(anonymous_2)","decl":{"start":{"line":27,"column":35},"end":{"line":27,"column":36}},"loc":{"start":{"line":27,"column":45},"end":{"line":39,"column":1}},"line":27},"3":{"name":"(anonymous_3)","decl":{"start":{"line":47,"column":24},"end":{"line":47,"column":25}},"loc":{"start":{"line":47,"column":33},"end":{"line":55,"column":1}},"line":47},"4":{"name":"(anonymous_4)","decl":{"start":{"line":62,"column":26},"end":{"line":62,"column":27}},"loc":{"start":{"line":62,"column":37},"end":{"line":73,"column":1}},"line":62},"5":{"name":"(anonymous_5)","decl":{"start":{"line":81,"column":28},"end":{"line":81,"column":29}},"loc":{"start":{"line":81,"column":39},"end":{"line":95,"column":1}},"line":81},"6":{"name":"(anonymous_6)","decl":{"start":{"line":103,"column":33},"end":{"line":103,"column":34}},"loc":{"start":{"line":103,"column":42},"end":{"line":111,"column":1}},"line":103},"7":{"name":"(anonymous_7)","decl":{"start":{"line":120,"column":27},"end":{"line":120,"column":28}},"loc":{"start":{"line":120,"column":49},"end":{"line":125,"column":1}},"line":120},"8":{"name":"(anonymous_8)","decl":{"start":{"line":127,"column":24},"end":{"line":127,"column":25}},"loc":{"start":{"line":128,"column":2},"end":{"line":128,"column":34}},"line":128},"9":{"name":"(anonymous_9)","decl":{"start":{"line":131,"column":27},"end":{"line":131,"column":28}},"loc":{"start":{"line":132,"column":2},"end":{"line":132,"column":50}},"line":132},"10":{"name":"(anonymous_10)","decl":{"start":{"line":135,"column":27},"end":{"line":135,"column":28}},"loc":{"start":{"line":136,"column":2},"end":{"line":136,"column":50}},"line":136},"11":{"name":"(anonymous_11)","decl":{"start":{"line":139,"column":25},"end":{"line":139,"column":26}},"loc":{"start":{"line":140,"column":2},"end":{"line":140,"column":40}},"line":140},"12":{"name":"(anonymous_12)","decl":{"start":{"line":140,"column":25},"end":{"line":140,"column":26}},"loc":{"start":{"line":140,"column":38},"end":{"line":140,"column":39}},"line":140},"13":{"name":"(anonymous_13)","decl":{"start":{"line":143,"column":24},"end":{"line":143,"column":25}},"loc":{"start":{"line":143,"column":44},"end":{"line":158,"column":1}},"line":143},"14":{"name":"(anonymous_14)","decl":{"start":{"line":160,"column":34},"end":{"line":160,"column":35}},"loc":{"start":{"line":160,"column":43},"end":{"line":176,"column":1}},"line":160}},"branchMap":{"0":{"loc":{"start":{"line":29,"column":4},"end":{"line":34,"column":5}},"type":"switch","locations":[{"start":{"line":30,"column":6},"end":{"line":31,"column":20}},{"start":{"line":32,"column":6},"end":{"line":33,"column":81}}],"line":29},"1":{"loc":{"start":{"line":49,"column":4},"end":{"line":49,"column":45}},"type":"if","locations":[{"start":{"line":49,"column":4},"end":{"line":49,"column":45}},{"start":{"line":49,"column":4},"end":{"line":49,"column":45}}],"line":49},"2":{"loc":{"start":{"line":64,"column":4},"end":{"line":64,"column":55}},"type":"if","locations":[{"start":{"line":64,"column":4},"end":{"line":64,"column":55}},{"start":{"line":64,"column":4},"end":{"line":64,"column":55}}],"line":64},"3":{"loc":{"start":{"line":83,"column":4},"end":{"line":90,"column":5}},"type":"switch","locations":[{"start":{"line":84,"column":6},"end":{"line":85,"column":20}},{"start":{"line":86,"column":6},"end":{"line":87,"column":40}},{"start":{"line":88,"column":6},"end":{"line":89,"column":65}}],"line":83},"4":{"loc":{"start":{"line":105,"column":4},"end":{"line":105,"column":59}},"type":"if","locations":[{"start":{"line":105,"column":4},"end":{"line":105,"column":59}},{"start":{"line":105,"column":4},"end":{"line":105,"column":59}}],"line":105},"5":{"loc":{"start":{"line":121,"column":2},"end":{"line":123,"column":3}},"type":"if","locations":[{"start":{"line":121,"column":2},"end":{"line":123,"column":3}},{"start":{"line":121,"column":2},"end":{"line":123,"column":3}}],"line":121},"6":{"loc":{"start":{"line":145,"column":2},"end":{"line":145,"column":34}},"type":"if","locations":[{"start":{"line":145,"column":2},"end":{"line":145,"column":34}},{"start":{"line":145,"column":2},"end":{"line":145,"column":34}}],"line":145},"7":{"loc":{"start":{"line":148,"column":4},"end":{"line":154,"column":5}},"type":"if","locations":[{"start":{"line":148,"column":4},"end":{"line":154,"column":5}},{"start":{"line":148,"column":4},"end":{"line":154,"column":5}}],"line":148},"8":{"loc":{"start":{"line":149,"column":6},"end":{"line":153,"column":7}},"type":"if","locations":[{"start":{"line":149,"column":6},"end":{"line":153,"column":7}},{"start":{"line":149,"column":6},"end":{"line":153,"column":7}}],"line":149},"9":{"loc":{"start":{"line":151,"column":13},"end":{"line":153,"column":7}},"type":"if","locations":[{"start":{"line":151,"column":13},"end":{"line":153,"column":7}},{"start":{"line":151,"column":13},"end":{"line":153,"column":7}}],"line":151},"10":{"loc":{"start":{"line":151,"column":17},"end":{"line":151,"column":52}},"type":"binary-expr","locations":[{"start":{"line":151,"column":17},"end":{"line":151,"column":32}},{"start":{"line":151,"column":36},"end":{"line":151,"column":52}}],"line":151},"11":{"loc":{"start":{"line":164,"column":4},"end":{"line":170,"column":5}},"type":"if","locations":[{"start":{"line":164,"column":4},"end":{"line":170,"column":5}},{"start":{"line":164,"column":4},"end":{"line":170,"column":5}}],"line":164},"12":{"loc":{"start":{"line":166,"column":11},"end":{"line":170,"column":5}},"type":"if","locations":[{"start":{"line":166,"column":11},"end":{"line":170,"column":5}},{"start":{"line":166,"column":11},"end":{"line":170,"column":5}}],"line":166}},"s":{"0":2,"1":2,"2":2,"3":2,"4":2,"5":8,"6":8,"7":5,"8":3,"9":3,"10":3,"11":2,"12":3,"13":3,"14":1,"15":2,"16":2,"17":2,"18":2,"19":0,"20":0,"21":0,"22":0,"23":0,"24":0,"25":2,"26":0,"27":0,"28":0,"29":0,"30":0,"31":0,"32":0,"33":2,"34":0,"35":0,"36":0,"37":0,"38":0,"39":0,"40":2,"41":0,"42":0,"43":0,"44":2,"45":0,"46":2,"47":0,"48":2,"49":0,"50":2,"51":0,"52":0,"53":2,"54":0,"55":0,"56":0,"57":0,"58":0,"59":0,"60":0,"61":0,"62":0,"63":0,"64":2,"65":0,"66":0,"67":0,"68":0,"69":0,"70":0,"71":0,"72":0},"f":{"0":2,"1":2,"2":8,"3":3,"4":0,"5":0,"6":0,"7":0,"8":0,"9":0,"10":0,"11":0,"12":0,"13":0,"14":0},"b":{"0":[5,3],"1":[1,2],"2":[0,0],"3":[0,0,0],"4":[0,0],"5":[0,0],"6":[0,0],"7":[0,0],"8":[0,0],"9":[0,0],"10":[0,0],"11":[0,0],"12":[0,0]},"_coverageSchema":"332fd63041d2c1bcb487cc26dd0d5f7d97098a6c","hash":"33761b485f90b09785d756ea9290935e395b737c"}
,"/Users/alyoshinmaxim/Desktop/new-typography/api/validators.js": {"path":"/Users/alyoshinmaxim/Desktop/new-typography/api/validators.js","statementMap":{"0":{"start":{"line":8,"column":28},"end":{"line":20,"column":1}},"1":{"start":{"line":9,"column":2},"end":{"line":19,"column":3}},"2":{"start":{"line":10,"column":4},"end":{"line":15,"column":5}},"3":{"start":{"line":12,"column":8},"end":{"line":12,"column":20}},"4":{"start":{"line":14,"column":8},"end":{"line":14,"column":73}},"5":{"start":{"line":17,"column":4},"end":{"line":17,"column":29}},"6":{"start":{"line":18,"column":4},"end":{"line":18,"column":17}},"7":{"start":{"line":28,"column":36},"end":{"line":30,"column":1}},"8":{"start":{"line":29,"column":2},"end":{"line":29,"column":41}},"9":{"start":{"line":29,"column":22},"end":{"line":29,"column":40}},"10":{"start":{"line":38,"column":34},"end":{"line":40,"column":1}},"11":{"start":{"line":39,"column":2},"end":{"line":39,"column":56}},"12":{"start":{"line":39,"column":22},"end":{"line":39,"column":55}},"13":{"start":{"line":48,"column":34},"end":{"line":50,"column":1}},"14":{"start":{"line":49,"column":2},"end":{"line":49,"column":63}},"15":{"start":{"line":49,"column":34},"end":{"line":49,"column":62}},"16":{"start":{"line":58,"column":29},"end":{"line":60,"column":1}},"17":{"start":{"line":59,"column":2},"end":{"line":59,"column":52}},"18":{"start":{"line":59,"column":24},"end":{"line":59,"column":51}},"19":{"start":{"line":62,"column":34},"end":{"line":64,"column":1}},"20":{"start":{"line":63,"column":2},"end":{"line":63,"column":72}},"21":{"start":{"line":63,"column":34},"end":{"line":63,"column":71}},"22":{"start":{"line":66,"column":29},"end":{"line":79,"column":1}},"23":{"start":{"line":67,"column":16},"end":{"line":67,"column":82}},"24":{"start":{"line":68,"column":21},"end":{"line":68,"column":71}},"25":{"start":{"line":69,"column":17},"end":{"line":69,"column":62}},"26":{"start":{"line":70,"column":17},"end":{"line":70,"column":67}},"27":{"start":{"line":72,"column":2},"end":{"line":78,"column":19}}},"fnMap":{"0":{"name":"(anonymous_0)","decl":{"start":{"line":8,"column":28},"end":{"line":8,"column":29}},"loc":{"start":{"line":8,"column":37},"end":{"line":20,"column":1}},"line":8},"1":{"name":"(anonymous_1)","decl":{"start":{"line":28,"column":36},"end":{"line":28,"column":37}},"loc":{"start":{"line":29,"column":2},"end":{"line":29,"column":41}},"line":29},"2":{"name":"(anonymous_2)","decl":{"start":{"line":29,"column":14},"end":{"line":29,"column":15}},"loc":{"start":{"line":29,"column":22},"end":{"line":29,"column":40}},"line":29},"3":{"name":"(anonymous_3)","decl":{"start":{"line":38,"column":34},"end":{"line":38,"column":35}},"loc":{"start":{"line":39,"column":2},"end":{"line":39,"column":56}},"line":39},"4":{"name":"(anonymous_4)","decl":{"start":{"line":39,"column":14},"end":{"line":39,"column":15}},"loc":{"start":{"line":39,"column":22},"end":{"line":39,"column":55}},"line":39},"5":{"name":"(anonymous_5)","decl":{"start":{"line":48,"column":34},"end":{"line":48,"column":35}},"loc":{"start":{"line":49,"column":2},"end":{"line":49,"column":63}},"line":49},"6":{"name":"(anonymous_6)","decl":{"start":{"line":49,"column":20},"end":{"line":49,"column":21}},"loc":{"start":{"line":49,"column":34},"end":{"line":49,"column":62}},"line":49},"7":{"name":"(anonymous_7)","decl":{"start":{"line":58,"column":29},"end":{"line":58,"column":30}},"loc":{"start":{"line":59,"column":2},"end":{"line":59,"column":52}},"line":59},"8":{"name":"(anonymous_8)","decl":{"start":{"line":59,"column":15},"end":{"line":59,"column":16}},"loc":{"start":{"line":59,"column":24},"end":{"line":59,"column":51}},"line":59},"9":{"name":"(anonymous_9)","decl":{"start":{"line":62,"column":34},"end":{"line":62,"column":35}},"loc":{"start":{"line":63,"column":2},"end":{"line":63,"column":72}},"line":63},"10":{"name":"(anonymous_10)","decl":{"start":{"line":63,"column":20},"end":{"line":63,"column":21}},"loc":{"start":{"line":63,"column":34},"end":{"line":63,"column":71}},"line":63},"11":{"name":"(anonymous_11)","decl":{"start":{"line":66,"column":29},"end":{"line":66,"column":30}},"loc":{"start":{"line":66,"column":41},"end":{"line":79,"column":1}},"line":66}},"branchMap":{"0":{"loc":{"start":{"line":10,"column":4},"end":{"line":15,"column":5}},"type":"switch","locations":[{"start":{"line":11,"column":6},"end":{"line":12,"column":20}},{"start":{"line":13,"column":6},"end":{"line":14,"column":73}}],"line":10}},"s":{"0":1,"1":5,"2":5,"3":3,"4":2,"5":2,"6":2,"7":1,"8":2,"9":3,"10":1,"11":2,"12":4,"13":1,"14":0,"15":0,"16":1,"17":0,"18":0,"19":1,"20":0,"21":0,"22":1,"23":0,"24":0,"25":0,"26":0,"27":0},"f":{"0":5,"1":2,"2":3,"3":2,"4":4,"5":0,"6":0,"7":0,"8":0,"9":0,"10":0,"11":0},"b":{"0":[3,2]},"_coverageSchema":"332fd63041d2c1bcb487cc26dd0d5f7d97098a6c","hash":"aa82aacdea1cc2f221e31b1bfd2ef5b6437d7528"}
,"/Users/alyoshinmaxim/Desktop/new-typography/api/constants/constants.js": {"path":"/Users/alyoshinmaxim/Desktop/new-typography/api/constants/constants.js","statementMap":{"0":{"start":{"line":1,"column":20},"end":{"line":1,"column":23}},"1":{"start":{"line":2,"column":38},"end":{"line":2,"column":45}},"2":{"start":{"line":3,"column":41},"end":{"line":3,"column":43}},"3":{"start":{"line":4,"column":37},"end":{"line":4,"column":54}},"4":{"start":{"line":5,"column":27},"end":{"line":5,"column":46}},"5":{"start":{"line":6,"column":28},"end":{"line":6,"column":48}},"6":{"start":{"line":7,"column":27},"end":{"line":7,"column":46}},"7":{"start":{"line":8,"column":33},"end":{"line":8,"column":57}},"8":{"start":{"line":9,"column":27},"end":{"line":9,"column":71}},"9":{"start":{"line":10,"column":34},"end":{"line":10,"column":62}},"10":{"start":{"line":11,"column":31},"end":{"line":11,"column":55}}},"fnMap":{},"branchMap":{},"s":{"0":9,"1":9,"2":9,"3":9,"4":9,"5":9,"6":9,"7":9,"8":9,"9":9,"10":9},"f":{},"b":{},"_coverageSchema":"332fd63041d2c1bcb487cc26dd0d5f7d97098a6c","hash":"ef74b721fff4cf5843903294cb117f201e3c5c83"}
}
