TN:
SF:/Users/alyoshinmaxim/Desktop/new-typography/api/constants.js
FNF:0
FNH:0
DA:1,1
DA:2,1
DA:3,1
DA:4,1
DA:5,1
DA:6,1
DA:7,1
DA:8,1
DA:9,1
DA:10,1
DA:11,1
LF:11
LH:11
BRF:0
BRH:0
end_of_record
TN:
SF:/Users/alyoshinmaxim/Desktop/new-typography/api/constants/constants.js
FNF:0
FNH:0
DA:1,8
DA:2,8
DA:3,8
DA:4,8
DA:5,8
DA:6,8
DA:7,8
DA:8,8
DA:9,8
DA:10,8
DA:11,8
LF:11
LH:11
BRF:0
BRH:0
end_of_record
TN:
SF:/Users/alyoshinmaxim/Desktop/new-typography/api/helpers/findAll/findAll.js
FN:3,(anonymous_0)
FNF:1
FNH:1
FNDA:1,(anonymous_0)
DA:3,1
DA:4,1
DA:5,1
DA:7,1
DA:8,1
DA:9,1
DA:10,0
DA:11,1
DA:12,0
DA:17,0
LF:10
LH:7
BRDA:5,0,0,1
BRDA:5,0,1,0
BRDA:8,1,0,1
BRDA:8,1,1,0
BRDA:9,2,0,0
BRDA:9,2,1,1
BRDA:11,3,0,0
BRDA:11,3,1,0
BRDA:11,4,0,1
BRDA:11,4,1,1
BRF:10
BRH:5
end_of_record
TN:
SF:/Users/alyoshinmaxim/Desktop/new-typography/api/helpers/flatten/flatten.js
FN:1,(anonymous_0)
FN:2,(anonymous_1)
FNF:2
FNH:2
FNDA:2,(anonymous_0)
FNDA:2,(anonymous_1)
DA:1,1
DA:2,2
DA:3,2
LF:3
LH:3
BRF:0
BRH:0
end_of_record
TN:
SF:/Users/alyoshinmaxim/Desktop/new-typography/api/helpers/isArray/isArray.js
FN:5,(anonymous_0)
FNF:1
FNH:1
FNDA:4,(anonymous_0)
DA:5,4
LF:1
LH:1
BRF:0
BRH:0
end_of_record
TN:
SF:/Users/alyoshinmaxim/Desktop/new-typography/api/helpers/isNumber/isNumber.js
FN:6,(anonymous_0)
FNF:1
FNH:1
FNDA:7,(anonymous_0)
DA:6,2
DA:7,7
DA:8,7
DA:9,2
DA:11,2
DA:12,2
LF:6
LH:6
BRDA:8,0,0,5
BRDA:8,0,1,2
BRF:2
BRH:2
end_of_record
TN:
SF:/Users/alyoshinmaxim/Desktop/new-typography/api/helpers/isNumeric/isNumeric.js
FN:6,(anonymous_0)
FNF:1
FNH:1
FNDA:6,(anonymous_0)
DA:6,6
LF:1
LH:1
BRDA:6,0,0,6
BRDA:6,0,1,3
BRF:2
BRH:2
end_of_record
TN:
SF:/Users/alyoshinmaxim/Desktop/new-typography/api/helpers/isObject/isObject.js
FN:7,(anonymous_0)
FNF:1
FNH:1
FNDA:2,(anonymous_0)
DA:7,1
DA:8,2
LF:2
LH:2
BRF:0
BRH:0
end_of_record
TN:
SF:/Users/alyoshinmaxim/Desktop/new-typography/api/validators/baseValidator/baseValidator.js
FN:7,(anonymous_0)
FN:26,(anonymous_1)
FN:46,(anonymous_2)
FN:47,(anonymous_3)
FNF:4
FNH:4
FNDA:8,(anonymous_0)
FNDA:3,(anonymous_1)
FNDA:2,(anonymous_2)
FNDA:6,(anonymous_3)
DA:7,1
DA:8,8
DA:9,8
DA:11,7
DA:13,1
DA:16,1
DA:17,1
DA:26,1
DA:27,3
DA:28,3
DA:30,2
DA:32,1
DA:35,1
DA:36,1
DA:46,1
DA:47,6
LF:16
LH:16
BRDA:9,0,0,7
BRDA:9,0,1,1
BRDA:28,1,0,2
BRDA:28,1,1,1
BRF:4
BRH:4
end_of_record
TN:
SF:/Users/alyoshinmaxim/Desktop/new-typography/api/validators/breakpointsValidator/breakpointsValidator.js
FN:7,(anonymous_0)
FN:26,(anonymous_1)
FN:42,(anonymous_2)
FN:43,(anonymous_3)
FNF:4
FNH:4
FNDA:5,(anonymous_0)
FNDA:6,(anonymous_1)
FNDA:2,(anonymous_2)
FNDA:6,(anonymous_3)
DA:7,1
DA:8,5
DA:9,5
DA:11,4
DA:13,1
DA:16,1
DA:17,1
DA:26,1
DA:27,6
DA:28,6
DA:29,1
DA:31,1
DA:32,1
DA:42,1
DA:43,6
LF:15
LH:15
BRDA:9,0,0,4
BRDA:9,0,1,1
BRDA:28,1,0,5
BRDA:28,1,1,1
BRF:4
BRH:4
end_of_record
TN:
SF:/Users/alyoshinmaxim/Desktop/new-typography/api/validators/lineHeightValidator/lineHeightValidator.js
FN:9,(anonymous_0)
FN:10,(anonymous_1)
FNF:2
FNH:2
FNDA:2,(anonymous_0)
FNDA:5,(anonymous_1)
DA:9,1
DA:10,5
LF:2
LH:2
BRF:0
BRH:0
end_of_record
TN:
SF:/Users/alyoshinmaxim/Desktop/new-typography/api/validators/ratioValidator/ratioValidator.js
FN:8,(anonymous_0)
FN:27,(anonymous_1)
FNF:2
FNH:2
FNDA:3,(anonymous_0)
FNDA:3,(anonymous_1)
DA:8,1
DA:9,3
DA:10,3
DA:11,1
DA:16,1
DA:17,1
DA:27,1
DA:28,3
DA:29,3
DA:31,2
DA:33,1
DA:35,0
DA:38,0
DA:39,0
LF:14
LH:11
BRDA:10,0,0,2
BRDA:10,0,1,1
BRDA:29,1,0,2
BRDA:29,1,1,1
BRDA:29,1,2,0
BRF:5
BRH:4
end_of_record
