TN:
SF:/Users/alyoshinmaxim/Desktop/new-typography/api/helpers.js
FN:9,(anonymous_0)
FN:19,(anonymous_1)
FN:27,(anonymous_2)
FN:47,(anonymous_3)
FN:62,(anonymous_4)
FN:81,(anonymous_5)
FN:103,(anonymous_6)
FN:120,(anonymous_7)
FN:127,(anonymous_8)
FN:131,(anonymous_9)
FN:135,(anonymous_10)
FN:139,(anonymous_11)
FN:140,(anonymous_12)
FN:143,(anonymous_13)
FN:160,(anonymous_14)
FNF:15
FNH:4
FNDA:2,(anonymous_0)
FNDA:2,(anonymous_1)
FNDA:8,(anonymous_2)
FNDA:3,(anonymous_3)
FNDA:0,(anonymous_4)
FNDA:0,(anonymous_5)
FNDA:0,(anonymous_6)
FNDA:0,(anonymous_7)
FNDA:0,(anonymous_8)
FNDA:0,(anonymous_9)
FNDA:0,(anonymous_10)
FNDA:0,(anonymous_11)
FNDA:0,(anonymous_12)
FNDA:0,(anonymous_13)
FNDA:0,(anonymous_14)
DA:9,2
DA:10,2
DA:19,2
DA:27,2
DA:28,8
DA:29,8
DA:31,5
DA:33,3
DA:36,3
DA:37,3
DA:47,2
DA:48,3
DA:49,3
DA:50,2
DA:52,2
DA:53,2
DA:62,2
DA:63,0
DA:64,0
DA:65,0
DA:70,0
DA:71,0
DA:81,2
DA:82,0
DA:83,0
DA:85,0
DA:87,0
DA:89,0
DA:92,0
DA:93,0
DA:103,2
DA:104,0
DA:105,0
DA:106,0
DA:108,0
DA:109,0
DA:120,2
DA:121,0
DA:122,0
DA:124,0
DA:127,2
DA:128,0
DA:131,2
DA:132,0
DA:135,2
DA:136,0
DA:139,2
DA:140,0
DA:143,2
DA:144,0
DA:145,0
DA:147,0
DA:148,0
DA:149,0
DA:150,0
DA:151,0
DA:152,0
DA:157,0
DA:160,2
DA:163,0
DA:164,0
DA:165,0
DA:166,0
DA:167,0
DA:169,0
DA:172,0
DA:175,0
LF:67
LH:26
BRDA:29,0,0,5
BRDA:29,0,1,3
BRDA:49,1,0,1
BRDA:49,1,1,2
BRDA:64,2,0,0
BRDA:64,2,1,0
BRDA:83,3,0,0
BRDA:83,3,1,0
BRDA:83,3,2,0
BRDA:105,4,0,0
BRDA:105,4,1,0
BRDA:121,5,0,0
BRDA:121,5,1,0
BRDA:145,6,0,0
BRDA:145,6,1,0
BRDA:148,7,0,0
BRDA:148,7,1,0
BRDA:149,8,0,0
BRDA:149,8,1,0
BRDA:151,9,0,0
BRDA:151,9,1,0
BRDA:151,10,0,0
BRDA:151,10,1,0
BRDA:164,11,0,0
BRDA:164,11,1,0
BRDA:166,12,0,0
BRDA:166,12,1,0
BRF:27
BRH:4
end_of_record
TN:
SF:/Users/alyoshinmaxim/Desktop/new-typography/api/validators.js
FN:8,(anonymous_0)
FN:28,(anonymous_1)
FN:29,(anonymous_2)
FN:38,(anonymous_3)
FN:39,(anonymous_4)
FN:48,(anonymous_5)
FN:49,(anonymous_6)
FN:58,(anonymous_7)
FN:59,(anonymous_8)
FN:62,(anonymous_9)
FN:63,(anonymous_10)
FN:66,(anonymous_11)
FNF:12
FNH:5
FNDA:5,(anonymous_0)
FNDA:2,(anonymous_1)
FNDA:3,(anonymous_2)
FNDA:2,(anonymous_3)
FNDA:4,(anonymous_4)
FNDA:0,(anonymous_5)
FNDA:0,(anonymous_6)
FNDA:0,(anonymous_7)
FNDA:0,(anonymous_8)
FNDA:0,(anonymous_9)
FNDA:0,(anonymous_10)
FNDA:0,(anonymous_11)
DA:8,1
DA:9,5
DA:10,5
DA:12,3
DA:14,2
DA:17,2
DA:18,2
DA:28,1
DA:29,3
DA:38,1
DA:39,4
DA:48,1
DA:49,0
DA:58,1
DA:59,0
DA:62,1
DA:63,0
DA:66,1
DA:67,0
DA:68,0
DA:69,0
DA:70,0
DA:72,0
LF:23
LH:15
BRDA:10,0,0,3
BRDA:10,0,1,2
BRF:2
BRH:2
end_of_record
TN:
SF:/Users/alyoshinmaxim/Desktop/new-typography/api/constants/constants.js
FNF:0
FNH:0
DA:1,9
DA:2,9
DA:3,9
DA:4,9
DA:5,9
DA:6,9
DA:7,9
DA:8,9
DA:9,9
DA:10,9
DA:11,9
LF:11
LH:11
BRF:0
BRH:0
end_of_record
